<?xml version="1.0" encoding="UTF-8"?>
<!-- Generated by org.testng.reporters.JUnitXMLReporter -->
<testsuite hostname="DESKTOP-L1EA06Q" ignored="0" name="Default test" tests="5" failures="0" timestamp="2020-08-05T16:08:17 IST" time="73.209" errors="0">
  <testcase name="abc" time="1.34" classname="DataDriven.DataProviderInTestNg"/>
  <testcase name="abc" time="1.293" classname="DataDriven.DataProviderInTestNg"/>
  <testcase name="abc" time="1.26" classname="DataDriven.DataProviderInTestNg"/>
  <testcase name="abc" time="1.281" classname="DataDriven.DataProviderInTestNg"/>
  <testcase name="abc" time="1.262" classname="DataDriven.DataProviderInTestNg"/>
</testsuite> <!-- Default test -->
