<?xml version="1.0" encoding="UTF-8"?>
<testng-results skipped="0" failed="0" ignored="0" total="5" passed="5">
  <reporter-output>
  </reporter-output>
  <suite name="Default suite" duration-ms="73209" started-at="2020-08-05T16:07:04 IST" finished-at="2020-08-05T16:08:17 IST">
    <groups>
    </groups>
    <test name="Default test" duration-ms="73209" started-at="2020-08-05T16:07:04 IST" finished-at="2020-08-05T16:08:17 IST">
      <class name="DataDriven.DataProviderInTestNg">
        <test-method status="PASS" signature="setUp()[pri:0, instance:DataDriven.DataProviderInTestNg@5a1c0542]" name="setUp" is-config="true" duration-ms="7823" started-at="2020-08-05T16:07:05 IST" finished-at="2020-08-05T16:07:13 IST">
          <reporter-output>
          </reporter-output>
        </test-method> <!-- setUp -->
        <test-method status="PASS" signature="abc(java.lang.String, java.lang.String, java.lang.String, java.lang.String, java.lang.String, java.lang.String, java.lang.String, java.lang.String, java.lang.String, java.lang.String, java.lang.String)[pri:0, instance:DataDriven.DataProviderInTestNg@5a1c0542]" name="abc" duration-ms="1340" started-at="2020-08-05T16:07:13 IST" data-provider="getTestData" finished-at="2020-08-05T16:07:14 IST">
          <params>
            <param index="0">
              <value>
                <![CDATA[mohit]]>
              </value>
            </param>
            <param index="1">
              <value>
                <![CDATA[mohit123]]>
              </value>
            </param>
            <param index="2">
              <value>
                <![CDATA[12345678]]>
              </value>
            </param>
            <param index="3">
              <value>
                <![CDATA[12345678]]>
              </value>
            </param>
            <param index="4">
              <value>
                <![CDATA[mohit@ab.in]]>
              </value>
            </param>
            <param index="5">
              <value>
                <![CDATA[9876543210]]>
              </value>
            </param>
            <param index="6">
              <value>
                <![CDATA[12]]>
              </value>
            </param>
            <param index="7">
              <value>
                <![CDATA[JAN]]>
              </value>
            </param>
            <param index="8">
              <value>
                <![CDATA[2005]]>
              </value>
            </param>
            <param index="9">
              <value>
                <![CDATA[India]]>
              </value>
            </param>
            <param index="10">
              <value>
                <![CDATA[fghj]]>
              </value>
            </param>
          </params>
          <reporter-output>
          </reporter-output>
        </test-method> <!-- abc -->
        <test-method status="PASS" signature="tearDown()[pri:0, instance:DataDriven.DataProviderInTestNg@5a1c0542]" name="tearDown" is-config="true" duration-ms="7728" started-at="2020-08-05T16:07:14 IST" finished-at="2020-08-05T16:07:22 IST">
          <reporter-output>
          </reporter-output>
        </test-method> <!-- tearDown -->
        <test-method status="PASS" signature="setUp()[pri:0, instance:DataDriven.DataProviderInTestNg@5a1c0542]" name="setUp" is-config="true" duration-ms="4732" started-at="2020-08-05T16:07:22 IST" finished-at="2020-08-05T16:07:26 IST">
          <reporter-output>
          </reporter-output>
        </test-method> <!-- setUp -->
        <test-method status="PASS" signature="abc(java.lang.String, java.lang.String, java.lang.String, java.lang.String, java.lang.String, java.lang.String, java.lang.String, java.lang.String, java.lang.String, java.lang.String, java.lang.String)[pri:0, instance:DataDriven.DataProviderInTestNg@5a1c0542]" name="abc" duration-ms="1293" started-at="2020-08-05T16:07:26 IST" data-provider="getTestData" finished-at="2020-08-05T16:07:28 IST">
          <params>
            <param index="0">
              <value>
                <![CDATA[rahul]]>
              </value>
            </param>
            <param index="1">
              <value>
                <![CDATA[rahul321]]>
              </value>
            </param>
            <param index="2">
              <value>
                <![CDATA[98765432]]>
              </value>
            </param>
            <param index="3">
              <value>
                <![CDATA[98765432]]>
              </value>
            </param>
            <param index="4">
              <value>
                <![CDATA[rahul@ab.in]]>
              </value>
            </param>
            <param index="5">
              <value>
                <![CDATA[1231231234]]>
              </value>
            </param>
            <param index="6">
              <value>
                <![CDATA[13]]>
              </value>
            </param>
            <param index="7">
              <value>
                <![CDATA[FEB]]>
              </value>
            </param>
            <param index="8">
              <value>
                <![CDATA[2006]]>
              </value>
            </param>
            <param index="9">
              <value>
                <![CDATA[Bahrain]]>
              </value>
            </param>
            <param index="10">
              <value>
                <![CDATA[fgsk]]>
              </value>
            </param>
          </params>
          <reporter-output>
          </reporter-output>
        </test-method> <!-- abc -->
        <test-method status="PASS" signature="tearDown()[pri:0, instance:DataDriven.DataProviderInTestNg@5a1c0542]" name="tearDown" is-config="true" duration-ms="7665" started-at="2020-08-05T16:07:28 IST" finished-at="2020-08-05T16:07:35 IST">
          <reporter-output>
          </reporter-output>
        </test-method> <!-- tearDown -->
        <test-method status="PASS" signature="setUp()[pri:0, instance:DataDriven.DataProviderInTestNg@5a1c0542]" name="setUp" is-config="true" duration-ms="4438" started-at="2020-08-05T16:07:35 IST" finished-at="2020-08-05T16:07:40 IST">
          <reporter-output>
          </reporter-output>
        </test-method> <!-- setUp -->
        <test-method status="PASS" signature="abc(java.lang.String, java.lang.String, java.lang.String, java.lang.String, java.lang.String, java.lang.String, java.lang.String, java.lang.String, java.lang.String, java.lang.String, java.lang.String)[pri:0, instance:DataDriven.DataProviderInTestNg@5a1c0542]" name="abc" duration-ms="1260" started-at="2020-08-05T16:07:40 IST" data-provider="getTestData" finished-at="2020-08-05T16:07:41 IST">
          <params>
            <param index="0">
              <value>
                <![CDATA[neha]]>
              </value>
            </param>
            <param index="1">
              <value>
                <![CDATA[neha123]]>
              </value>
            </param>
            <param index="2">
              <value>
                <![CDATA[45454545]]>
              </value>
            </param>
            <param index="3">
              <value>
                <![CDATA[45454545]]>
              </value>
            </param>
            <param index="4">
              <value>
                <![CDATA[neha@ab.in]]>
              </value>
            </param>
            <param index="5">
              <value>
                <![CDATA[1234123412]]>
              </value>
            </param>
            <param index="6">
              <value>
                <![CDATA[14]]>
              </value>
            </param>
            <param index="7">
              <value>
                <![CDATA[MAR]]>
              </value>
            </param>
            <param index="8">
              <value>
                <![CDATA[2007]]>
              </value>
            </param>
            <param index="9">
              <value>
                <![CDATA[Austria]]>
              </value>
            </param>
            <param index="10">
              <value>
                <![CDATA[wryi]]>
              </value>
            </param>
          </params>
          <reporter-output>
          </reporter-output>
        </test-method> <!-- abc -->
        <test-method status="PASS" signature="tearDown()[pri:0, instance:DataDriven.DataProviderInTestNg@5a1c0542]" name="tearDown" is-config="true" duration-ms="8366" started-at="2020-08-05T16:07:41 IST" finished-at="2020-08-05T16:07:49 IST">
          <reporter-output>
          </reporter-output>
        </test-method> <!-- tearDown -->
        <test-method status="PASS" signature="setUp()[pri:0, instance:DataDriven.DataProviderInTestNg@5a1c0542]" name="setUp" is-config="true" duration-ms="4602" started-at="2020-08-05T16:07:49 IST" finished-at="2020-08-05T16:07:54 IST">
          <reporter-output>
          </reporter-output>
        </test-method> <!-- setUp -->
        <test-method status="PASS" signature="abc(java.lang.String, java.lang.String, java.lang.String, java.lang.String, java.lang.String, java.lang.String, java.lang.String, java.lang.String, java.lang.String, java.lang.String, java.lang.String)[pri:0, instance:DataDriven.DataProviderInTestNg@5a1c0542]" name="abc" duration-ms="1281" started-at="2020-08-05T16:07:54 IST" data-provider="getTestData" finished-at="2020-08-05T16:07:55 IST">
          <params>
            <param index="0">
              <value>
                <![CDATA[sanjay]]>
              </value>
            </param>
            <param index="1">
              <value>
                <![CDATA[sanjay123]]>
              </value>
            </param>
            <param index="2">
              <value>
                <![CDATA[67676767]]>
              </value>
            </param>
            <param index="3">
              <value>
                <![CDATA[67676767]]>
              </value>
            </param>
            <param index="4">
              <value>
                <![CDATA[sanjay@123]]>
              </value>
            </param>
            <param index="5">
              <value>
                <![CDATA[1234512345]]>
              </value>
            </param>
            <param index="6">
              <value>
                <![CDATA[15]]>
              </value>
            </param>
            <param index="7">
              <value>
                <![CDATA[APR]]>
              </value>
            </param>
            <param index="8">
              <value>
                <![CDATA[2008]]>
              </value>
            </param>
            <param index="9">
              <value>
                <![CDATA[Canada]]>
              </value>
            </param>
            <param index="10">
              <value>
                <![CDATA[vxbn]]>
              </value>
            </param>
          </params>
          <reporter-output>
          </reporter-output>
        </test-method> <!-- abc -->
        <test-method status="PASS" signature="tearDown()[pri:0, instance:DataDriven.DataProviderInTestNg@5a1c0542]" name="tearDown" is-config="true" duration-ms="7724" started-at="2020-08-05T16:07:55 IST" finished-at="2020-08-05T16:08:03 IST">
          <reporter-output>
          </reporter-output>
        </test-method> <!-- tearDown -->
        <test-method status="PASS" signature="setUp()[pri:0, instance:DataDriven.DataProviderInTestNg@5a1c0542]" name="setUp" is-config="true" duration-ms="5166" started-at="2020-08-05T16:08:03 IST" finished-at="2020-08-05T16:08:08 IST">
          <reporter-output>
          </reporter-output>
        </test-method> <!-- setUp -->
        <test-method status="PASS" signature="abc(java.lang.String, java.lang.String, java.lang.String, java.lang.String, java.lang.String, java.lang.String, java.lang.String, java.lang.String, java.lang.String, java.lang.String, java.lang.String)[pri:0, instance:DataDriven.DataProviderInTestNg@5a1c0542]" name="abc" duration-ms="1262" started-at="2020-08-05T16:08:08 IST" data-provider="getTestData" finished-at="2020-08-05T16:08:09 IST">
          <params>
            <param index="0">
              <value>
                <![CDATA[naina]]>
              </value>
            </param>
            <param index="1">
              <value>
                <![CDATA[naina@123]]>
              </value>
            </param>
            <param index="2">
              <value>
                <![CDATA[89898989]]>
              </value>
            </param>
            <param index="3">
              <value>
                <![CDATA[89898989]]>
              </value>
            </param>
            <param index="4">
              <value>
                <![CDATA[naina@ab.in]]>
              </value>
            </param>
            <param index="5">
              <value>
                <![CDATA[4564564567]]>
              </value>
            </param>
            <param index="6">
              <value>
                <![CDATA[16]]>
              </value>
            </param>
            <param index="7">
              <value>
                <![CDATA[MAY]]>
              </value>
            </param>
            <param index="8">
              <value>
                <![CDATA[2009]]>
              </value>
            </param>
            <param index="9">
              <value>
                <![CDATA[Finland]]>
              </value>
            </param>
            <param index="10">
              <value>
                <![CDATA[alpe]]>
              </value>
            </param>
          </params>
          <reporter-output>
          </reporter-output>
        </test-method> <!-- abc -->
        <test-method status="PASS" signature="tearDown()[pri:0, instance:DataDriven.DataProviderInTestNg@5a1c0542]" name="tearDown" is-config="true" duration-ms="7640" started-at="2020-08-05T16:08:09 IST" finished-at="2020-08-05T16:08:17 IST">
          <reporter-output>
          </reporter-output>
        </test-method> <!-- tearDown -->
      </class> <!-- DataDriven.DataProviderInTestNg -->
    </test> <!-- Default test -->
  </suite> <!-- Default suite -->
</testng-results>
