<?xml version="1.0" encoding="UTF-8"?>
<testng-results skipped="0" failed="0" ignored="0" total="1" passed="1">
  <reporter-output>
  </reporter-output>
  <suite name="RediffMail" duration-ms="15449" started-at="2020-08-05T17:46:10 IST" finished-at="2020-08-05T17:46:26 IST">
    <groups>
    </groups>
    <test name="Test" duration-ms="15449" started-at="2020-08-05T17:46:10 IST" finished-at="2020-08-05T17:46:26 IST">
      <class name="DataDriven.Parameterization">
        <test-method status="PASS" signature="Rediff(java.lang.String, java.lang.String, java.lang.String)[pri:0, instance:DataDriven.Parameterization@7f13d6e]" name="Rediff" duration-ms="15376" started-at="2020-08-05T17:46:10 IST" finished-at="2020-08-05T17:46:26 IST">
          <params>
            <param index="0">
              <value>
                <![CDATA[https://www.rediffmailpro.com/cgi-bin/login.cgi]]>
              </value>
            </param>
            <param index="1">
              <value>
                <![CDATA[mohit@gmail.com]]>
              </value>
            </param>
            <param index="2">
              <value>
                <![CDATA[rediffmail3215]]>
              </value>
            </param>
          </params>
          <reporter-output>
          </reporter-output>
        </test-method> <!-- Rediff -->
      </class> <!-- DataDriven.Parameterization -->
    </test> <!-- Test -->
  </suite> <!-- RediffMail -->
</testng-results>
